<?xml version="1.0"?>
<!DOCTYPE coverage SYSTEM "http://cobertura.sourceforge.net/xml/coverage-04.dtd">

<coverage line-rate="0.851063829787234" branch-rate="0.5" lines-covered="80" lines-valid="94" branches-covered="3" branches-valid="6" complexity="1.0566037735849056" version="2.0.3" timestamp="1424111660732">
	<sources>
		<source>--source</source>
		<source>/Users/shanmugavelsundaramoorthy/jbworkspace/expensetracker/src/main/java</source>
	</sources>
	<packages>
		<package name="com.shanmugavel.pocs.expensetracker.dao" line-rate="0.0" branch-rate="1.0" complexity="1.0">
			<classes>
				<class name="com.shanmugavel.pocs.expensetracker.dao.IUserDAO" filename="com/shanmugavel/pocs/expensetracker/dao/IUserDAO.java" line-rate="1.0" branch-rate="1.0" complexity="1.0">
					<methods>
					</methods>
					<lines>
					</lines>
				</class>
				<class name="com.shanmugavel.pocs.expensetracker.dao.UserDAO" filename="com/shanmugavel/pocs/expensetracker/dao/UserDAO.java" line-rate="0.0" branch-rate="1.0" complexity="1.0">
					<methods>
						<method name="&lt;init&gt;" signature="()V" line-rate="0.0" branch-rate="1.0">
							<lines>
								<line number="20" hits="0" branch="false"/>
							</lines>
						</method>
						<method name="create" signature="(Lcom/shanmugavel/pocs/expensetracker/domain/User;)Ljava/lang/String;" line-rate="0.0" branch-rate="1.0">
							<lines>
								<line number="27" hits="0" branch="false"/>
								<line number="28" hits="0" branch="false"/>
							</lines>
						</method>
						<method name="delete" signature="(Ljava/lang/String;)I" line-rate="0.0" branch-rate="1.0">
							<lines>
								<line number="47" hits="0" branch="false"/>
								<line number="48" hits="0" branch="false"/>
								<line number="49" hits="0" branch="false"/>
							</lines>
						</method>
						<method name="findById" signature="(Ljava/lang/String;)Lcom/shanmugavel/pocs/expensetracker/domain/User;" line-rate="0.0" branch-rate="1.0">
							<lines>
								<line number="34" hits="0" branch="false"/>
								<line number="35" hits="0" branch="false"/>
							</lines>
						</method>
						<method name="update" signature="(Lcom/shanmugavel/pocs/expensetracker/domain/User;)V" line-rate="0.0" branch-rate="1.0">
							<lines>
								<line number="41" hits="0" branch="false"/>
								<line number="42" hits="0" branch="false"/>
							</lines>
						</method>
					</methods>
					<lines>
						<line number="20" hits="0" branch="false"/>
						<line number="27" hits="0" branch="false"/>
						<line number="28" hits="0" branch="false"/>
						<line number="34" hits="0" branch="false"/>
						<line number="35" hits="0" branch="false"/>
						<line number="41" hits="0" branch="false"/>
						<line number="42" hits="0" branch="false"/>
						<line number="47" hits="0" branch="false"/>
						<line number="48" hits="0" branch="false"/>
						<line number="49" hits="0" branch="false"/>
					</lines>
				</class>
			</classes>
		</package>
		<package name="com.shanmugavel.pocs.expensetracker.domain" line-rate="0.9545454545454546" branch-rate="0.5" complexity="1.054054054054054">
			<classes>
				<class name="com.shanmugavel.pocs.expensetracker.domain.Expense" filename="com/shanmugavel/pocs/expensetracker/domain/Expense.java" line-rate="0.9411764705882353" branch-rate="1.0" complexity="1.0">
					<methods>
						<method name="&lt;init&gt;" signature="()V" line-rate="1.0" branch-rate="1.0">
							<lines>
								<line number="7" hits="2" branch="false"/>
							</lines>
						</method>
						<method name="getAmount" signature="()Ljava/lang/Double;" line-rate="1.0" branch-rate="1.0">
							<lines>
								<line number="27" hits="1" branch="false"/>
							</lines>
						</method>
						<method name="getCurrency" signature="()Ljava/util/Currency;" line-rate="1.0" branch-rate="1.0">
							<lines>
								<line number="33" hits="1" branch="false"/>
							</lines>
						</method>
						<method name="getDesc" signature="()Ljava/lang/String;" line-rate="1.0" branch-rate="1.0">
							<lines>
								<line number="39" hits="1" branch="false"/>
							</lines>
						</method>
						<method name="getDt" signature="()Ljava/util/Date;" line-rate="1.0" branch-rate="1.0">
							<lines>
								<line number="15" hits="1" branch="false"/>
							</lines>
						</method>
						<method name="getTags" signature="()Ljava/util/List;" line-rate="1.0" branch-rate="1.0">
							<lines>
								<line number="21" hits="1" branch="false"/>
							</lines>
						</method>
						<method name="setAmount" signature="(Ljava/lang/Double;)V" line-rate="1.0" branch-rate="1.0">
							<lines>
								<line number="30" hits="2" branch="false"/>
								<line number="31" hits="2" branch="false"/>
							</lines>
						</method>
						<method name="setCurrency" signature="(Ljava/util/Currency;)V" line-rate="1.0" branch-rate="1.0">
							<lines>
								<line number="36" hits="2" branch="false"/>
								<line number="37" hits="2" branch="false"/>
							</lines>
						</method>
						<method name="setDesc" signature="(Ljava/lang/String;)V" line-rate="1.0" branch-rate="1.0">
							<lines>
								<line number="42" hits="2" branch="false"/>
								<line number="43" hits="2" branch="false"/>
							</lines>
						</method>
						<method name="setDt" signature="(Ljava/util/Date;)V" line-rate="1.0" branch-rate="1.0">
							<lines>
								<line number="18" hits="2" branch="false"/>
								<line number="19" hits="2" branch="false"/>
							</lines>
						</method>
						<method name="setTags" signature="(Ljava/util/List;)V" line-rate="1.0" branch-rate="1.0">
							<lines>
								<line number="24" hits="2" branch="false"/>
								<line number="25" hits="2" branch="false"/>
							</lines>
						</method>
						<method name="toString" signature="()Ljava/lang/String;" line-rate="0.0" branch-rate="1.0">
							<lines>
								<line number="46" hits="0" branch="false"/>
							</lines>
						</method>
					</methods>
					<lines>
						<line number="7" hits="2" branch="false"/>
						<line number="15" hits="1" branch="false"/>
						<line number="18" hits="2" branch="false"/>
						<line number="19" hits="2" branch="false"/>
						<line number="21" hits="1" branch="false"/>
						<line number="24" hits="2" branch="false"/>
						<line number="25" hits="2" branch="false"/>
						<line number="27" hits="1" branch="false"/>
						<line number="30" hits="2" branch="false"/>
						<line number="31" hits="2" branch="false"/>
						<line number="33" hits="1" branch="false"/>
						<line number="36" hits="2" branch="false"/>
						<line number="37" hits="2" branch="false"/>
						<line number="39" hits="1" branch="false"/>
						<line number="42" hits="2" branch="false"/>
						<line number="43" hits="2" branch="false"/>
						<line number="46" hits="0" branch="false"/>
					</lines>
				</class>
				<class name="com.shanmugavel.pocs.expensetracker.domain.Phone" filename="com/shanmugavel/pocs/expensetracker/domain/Phone.java" line-rate="0.9090909090909091" branch-rate="1.0" complexity="1.0">
					<methods>
						<method name="&lt;init&gt;" signature="()V" line-rate="1.0" branch-rate="1.0">
							<lines>
								<line number="10" hits="2" branch="false"/>
							</lines>
						</method>
						<method name="getNumber" signature="()Ljava/lang/String;" line-rate="1.0" branch-rate="1.0">
							<lines>
								<line number="23" hits="1" branch="false"/>
							</lines>
						</method>
						<method name="getType" signature="()Lcom/shanmugavel/pocs/expensetracker/domain/PhoneType;" line-rate="1.0" branch-rate="1.0">
							<lines>
								<line number="17" hits="1" branch="false"/>
							</lines>
						</method>
						<method name="isDefaultPhone" signature="()Z" line-rate="1.0" branch-rate="1.0">
							<lines>
								<line number="29" hits="1" branch="false"/>
							</lines>
						</method>
						<method name="setDefaultPhone" signature="(Z)V" line-rate="1.0" branch-rate="1.0">
							<lines>
								<line number="32" hits="2" branch="false"/>
								<line number="33" hits="2" branch="false"/>
							</lines>
						</method>
						<method name="setNumber" signature="(Ljava/lang/String;)V" line-rate="1.0" branch-rate="1.0">
							<lines>
								<line number="26" hits="2" branch="false"/>
								<line number="27" hits="2" branch="false"/>
							</lines>
						</method>
						<method name="setType" signature="(Lcom/shanmugavel/pocs/expensetracker/domain/PhoneType;)V" line-rate="1.0" branch-rate="1.0">
							<lines>
								<line number="20" hits="2" branch="false"/>
								<line number="21" hits="2" branch="false"/>
							</lines>
						</method>
						<method name="toString" signature="()Ljava/lang/String;" line-rate="0.0" branch-rate="1.0">
							<lines>
								<line number="36" hits="0" branch="false"/>
							</lines>
						</method>
					</methods>
					<lines>
						<line number="10" hits="2" branch="false"/>
						<line number="17" hits="1" branch="false"/>
						<line number="20" hits="2" branch="false"/>
						<line number="21" hits="2" branch="false"/>
						<line number="23" hits="1" branch="false"/>
						<line number="26" hits="2" branch="false"/>
						<line number="27" hits="2" branch="false"/>
						<line number="29" hits="1" branch="false"/>
						<line number="32" hits="2" branch="false"/>
						<line number="33" hits="2" branch="false"/>
						<line number="36" hits="0" branch="false"/>
					</lines>
				</class>
				<class name="com.shanmugavel.pocs.expensetracker.domain.PhoneType" filename="com/shanmugavel/pocs/expensetracker/domain/PhoneType.java" line-rate="1.0" branch-rate="1.0" complexity="0.0">
					<methods>
						<method name="&lt;clinit&gt;" signature="()V" line-rate="1.0" branch-rate="1.0">
							<lines>
								<line number="7" hits="5" branch="false"/>
								<line number="9" hits="1" branch="false"/>
							</lines>
						</method>
						<method name="&lt;init&gt;" signature="(Ljava/lang/String;I)V" line-rate="1.0" branch-rate="1.0">
							<lines>
							</lines>
						</method>
						<method name="valueOf" signature="(Ljava/lang/String;)Lcom/shanmugavel/pocs/expensetracker/domain/PhoneType;" line-rate="1.0" branch-rate="1.0">
							<lines>
							</lines>
						</method>
						<method name="values" signature="()[Lcom/shanmugavel/pocs/expensetracker/domain/PhoneType;" line-rate="1.0" branch-rate="1.0">
							<lines>
							</lines>
						</method>
					</methods>
					<lines>
						<line number="7" hits="5" branch="false"/>
						<line number="9" hits="1" branch="false"/>
					</lines>
				</class>
				<class name="com.shanmugavel.pocs.expensetracker.domain.Status" filename="com/shanmugavel/pocs/expensetracker/domain/Status.java" line-rate="1.0" branch-rate="1.0" complexity="0.0">
					<methods>
						<method name="&lt;clinit&gt;" signature="()V" line-rate="1.0" branch-rate="1.0">
							<lines>
								<line number="7" hits="4" branch="false"/>
								<line number="9" hits="1" branch="false"/>
							</lines>
						</method>
						<method name="&lt;init&gt;" signature="(Ljava/lang/String;I)V" line-rate="1.0" branch-rate="1.0">
							<lines>
							</lines>
						</method>
						<method name="valueOf" signature="(Ljava/lang/String;)Lcom/shanmugavel/pocs/expensetracker/domain/Status;" line-rate="1.0" branch-rate="1.0">
							<lines>
							</lines>
						</method>
						<method name="values" signature="()[Lcom/shanmugavel/pocs/expensetracker/domain/Status;" line-rate="1.0" branch-rate="1.0">
							<lines>
							</lines>
						</method>
					</methods>
					<lines>
						<line number="7" hits="4" branch="false"/>
						<line number="9" hits="1" branch="false"/>
					</lines>
				</class>
				<class name="com.shanmugavel.pocs.expensetracker.domain.User" filename="com/shanmugavel/pocs/expensetracker/domain/User.java" line-rate="0.9705882352941176" branch-rate="0.5" complexity="1.105263157894737">
					<methods>
						<method name="&lt;init&gt;" signature="()V" line-rate="1.0" branch-rate="1.0">
							<lines>
								<line number="18" hits="3" branch="false"/>
							</lines>
						</method>
						<method name="addExpense" signature="(Lcom/shanmugavel/pocs/expensetracker/domain/Expense;)V" line-rate="1.0" branch-rate="0.5">
							<lines>
								<line number="85" hits="1" branch="true" condition-coverage="50% (1/2)">
									<conditions>
										<condition number="0" type="jump" coverage="50%"/>
									</conditions>
								</line>
								<line number="86" hits="1" branch="false"/>
								<line number="88" hits="1" branch="false"/>
								<line number="89" hits="1" branch="false"/>
							</lines>
						</method>
						<method name="addPhone" signature="(Lcom/shanmugavel/pocs/expensetracker/domain/Phone;)V" line-rate="1.0" branch-rate="0.5">
							<lines>
								<line number="67" hits="1" branch="true" condition-coverage="50% (1/2)">
									<conditions>
										<condition number="0" type="jump" coverage="50%"/>
									</conditions>
								</line>
								<line number="68" hits="1" branch="false"/>
								<line number="70" hits="1" branch="false"/>
								<line number="71" hits="1" branch="false"/>
							</lines>
						</method>
						<method name="getEmailAddress" signature="()Ljava/lang/String;" line-rate="1.0" branch-rate="1.0">
							<lines>
								<line number="55" hits="1" branch="false"/>
							</lines>
						</method>
						<method name="getExpenses" signature="()Ljava/util/List;" line-rate="1.0" branch-rate="1.0">
							<lines>
								<line number="79" hits="1" branch="false"/>
							</lines>
						</method>
						<method name="getFirstName" signature="()Ljava/lang/String;" line-rate="1.0" branch-rate="1.0">
							<lines>
								<line number="37" hits="1" branch="false"/>
							</lines>
						</method>
						<method name="getId" signature="()Ljava/lang/String;" line-rate="1.0" branch-rate="1.0">
							<lines>
								<line number="31" hits="1" branch="false"/>
							</lines>
						</method>
						<method name="getLastName" signature="()Ljava/lang/String;" line-rate="1.0" branch-rate="1.0">
							<lines>
								<line number="43" hits="1" branch="false"/>
							</lines>
						</method>
						<method name="getMiddleName" signature="()Ljava/lang/String;" line-rate="1.0" branch-rate="1.0">
							<lines>
								<line number="49" hits="1" branch="false"/>
							</lines>
						</method>
						<method name="getPhones" signature="()Ljava/util/List;" line-rate="1.0" branch-rate="1.0">
							<lines>
								<line number="61" hits="1" branch="false"/>
							</lines>
						</method>
						<method name="getStatus" signature="()Lcom/shanmugavel/pocs/expensetracker/domain/Status;" line-rate="1.0" branch-rate="1.0">
							<lines>
								<line number="73" hits="1" branch="false"/>
							</lines>
						</method>
						<method name="setEmailAddress" signature="(Ljava/lang/String;)V" line-rate="1.0" branch-rate="1.0">
							<lines>
								<line number="58" hits="3" branch="false"/>
								<line number="59" hits="3" branch="false"/>
							</lines>
						</method>
						<method name="setExpenses" signature="(Ljava/util/List;)V" line-rate="1.0" branch-rate="1.0">
							<lines>
								<line number="82" hits="2" branch="false"/>
								<line number="83" hits="2" branch="false"/>
							</lines>
						</method>
						<method name="setFirstName" signature="(Ljava/lang/String;)V" line-rate="1.0" branch-rate="1.0">
							<lines>
								<line number="40" hits="3" branch="false"/>
								<line number="41" hits="3" branch="false"/>
							</lines>
						</method>
						<method name="setId" signature="(Ljava/lang/String;)V" line-rate="1.0" branch-rate="1.0">
							<lines>
								<line number="34" hits="3" branch="false"/>
								<line number="35" hits="3" branch="false"/>
							</lines>
						</method>
						<method name="setLastName" signature="(Ljava/lang/String;)V" line-rate="1.0" branch-rate="1.0">
							<lines>
								<line number="46" hits="3" branch="false"/>
								<line number="47" hits="3" branch="false"/>
							</lines>
						</method>
						<method name="setMiddleName" signature="(Ljava/lang/String;)V" line-rate="1.0" branch-rate="1.0">
							<lines>
								<line number="52" hits="2" branch="false"/>
								<line number="53" hits="2" branch="false"/>
							</lines>
						</method>
						<method name="setPhones" signature="(Ljava/util/List;)V" line-rate="1.0" branch-rate="1.0">
							<lines>
								<line number="64" hits="2" branch="false"/>
								<line number="65" hits="2" branch="false"/>
							</lines>
						</method>
						<method name="setStatus" signature="(Lcom/shanmugavel/pocs/expensetracker/domain/Status;)V" line-rate="1.0" branch-rate="1.0">
							<lines>
								<line number="76" hits="3" branch="false"/>
								<line number="77" hits="3" branch="false"/>
							</lines>
						</method>
						<method name="toString" signature="()Ljava/lang/String;" line-rate="0.0" branch-rate="1.0">
							<lines>
								<line number="92" hits="0" branch="false"/>
							</lines>
						</method>
					</methods>
					<lines>
						<line number="18" hits="3" branch="false"/>
						<line number="31" hits="1" branch="false"/>
						<line number="34" hits="3" branch="false"/>
						<line number="35" hits="3" branch="false"/>
						<line number="37" hits="1" branch="false"/>
						<line number="40" hits="3" branch="false"/>
						<line number="41" hits="3" branch="false"/>
						<line number="43" hits="1" branch="false"/>
						<line number="46" hits="3" branch="false"/>
						<line number="47" hits="3" branch="false"/>
						<line number="49" hits="1" branch="false"/>
						<line number="52" hits="2" branch="false"/>
						<line number="53" hits="2" branch="false"/>
						<line number="55" hits="1" branch="false"/>
						<line number="58" hits="3" branch="false"/>
						<line number="59" hits="3" branch="false"/>
						<line number="61" hits="1" branch="false"/>
						<line number="64" hits="2" branch="false"/>
						<line number="65" hits="2" branch="false"/>
						<line number="67" hits="1" branch="true" condition-coverage="50% (1/2)">
							<conditions>
								<condition number="0" type="jump" coverage="50%"/>
							</conditions>
						</line>
						<line number="68" hits="1" branch="false"/>
						<line number="70" hits="1" branch="false"/>
						<line number="71" hits="1" branch="false"/>
						<line number="73" hits="1" branch="false"/>
						<line number="76" hits="3" branch="false"/>
						<line number="77" hits="3" branch="false"/>
						<line number="79" hits="1" branch="false"/>
						<line number="82" hits="2" branch="false"/>
						<line number="83" hits="2" branch="false"/>
						<line number="85" hits="1" branch="true" condition-coverage="50% (1/2)">
							<conditions>
								<condition number="0" type="jump" coverage="50%"/>
							</conditions>
						</line>
						<line number="86" hits="1" branch="false"/>
						<line number="88" hits="1" branch="false"/>
						<line number="89" hits="1" branch="false"/>
						<line number="92" hits="0" branch="false"/>
					</lines>
				</class>
			</classes>
		</package>
		<package name="com.shanmugavel.pocs.expensetracker.rs" line-rate="0.9444444444444444" branch-rate="0.5" complexity="1.125">
			<classes>
				<class name="com.shanmugavel.pocs.expensetracker.rs.IUserManagement" filename="com/shanmugavel/pocs/expensetracker/rs/IUserManagement.java" line-rate="1.0" branch-rate="1.0" complexity="1.0">
					<methods>
					</methods>
					<lines>
					</lines>
				</class>
				<class name="com.shanmugavel.pocs.expensetracker.rs.UserManagement" filename="com/shanmugavel/pocs/expensetracker/rs/UserManagement.java" line-rate="0.9444444444444444" branch-rate="0.5" complexity="1.25">
					<methods>
						<method name="&lt;init&gt;" signature="()V" line-rate="1.0" branch-rate="1.0">
							<lines>
								<line number="38" hits="1" branch="false"/>
								<line number="42" hits="1" branch="false"/>
							</lines>
						</method>
						<method name="createUser" signature="(Lcom/shanmugavel/pocs/expensetracker/domain/User;)Ljavax/ws/rs/core/Response;" line-rate="0.8333333333333334" branch-rate="0.5">
							<lines>
								<line number="68" hits="1" branch="false"/>
								<line number="69" hits="1" branch="false"/>
								<line number="70" hits="1" branch="true" condition-coverage="50% (1/2)">
									<conditions>
										<condition number="0" type="jump" coverage="50%"/>
									</conditions>
								</line>
								<line number="71" hits="1" branch="false"/>
								<line number="73" hits="0" branch="false"/>
								<line number="75" hits="1" branch="false"/>
							</lines>
						</method>
						<method name="deleteUser" signature="(Ljava/lang/String;)Ljavax/ws/rs/core/Response;" line-rate="1.0" branch-rate="1.0">
							<lines>
								<line number="60" hits="1" branch="false"/>
								<line number="61" hits="1" branch="false"/>
								<line number="62" hits="1" branch="false"/>
							</lines>
						</method>
						<method name="getUser" signature="(Ljava/lang/String;)Lcom/shanmugavel/pocs/expensetracker/domain/User;" line-rate="1.0" branch-rate="1.0">
							<lines>
								<line number="51" hits="1" branch="false"/>
								<line number="52" hits="1" branch="false"/>
								<line number="53" hits="1" branch="false"/>
								<line number="54" hits="1" branch="false"/>
							</lines>
						</method>
						<method name="updateUser" signature="(Ljava/lang/String;Lcom/shanmugavel/pocs/expensetracker/domain/User;)Ljavax/ws/rs/core/Response;" line-rate="1.0" branch-rate="1.0">
							<lines>
								<line number="82" hits="1" branch="false"/>
								<line number="83" hits="1" branch="false"/>
								<line number="84" hits="1" branch="false"/>
							</lines>
						</method>
					</methods>
					<lines>
						<line number="38" hits="1" branch="false"/>
						<line number="42" hits="1" branch="false"/>
						<line number="51" hits="1" branch="false"/>
						<line number="52" hits="1" branch="false"/>
						<line number="53" hits="1" branch="false"/>
						<line number="54" hits="1" branch="false"/>
						<line number="60" hits="1" branch="false"/>
						<line number="61" hits="1" branch="false"/>
						<line number="62" hits="1" branch="false"/>
						<line number="68" hits="1" branch="false"/>
						<line number="69" hits="1" branch="false"/>
						<line number="70" hits="1" branch="true" condition-coverage="50% (1/2)">
							<conditions>
								<condition number="0" type="jump" coverage="50%"/>
							</conditions>
						</line>
						<line number="71" hits="1" branch="false"/>
						<line number="73" hits="0" branch="false"/>
						<line number="75" hits="1" branch="false"/>
						<line number="82" hits="1" branch="false"/>
						<line number="83" hits="1" branch="false"/>
						<line number="84" hits="1" branch="false"/>
					</lines>
				</class>
			</classes>
		</package>
	</packages>
</coverage>
